timestamp,service,log_level,message
2026-03-18T17:06:18.806792,notifications,INFO,Connection established
2026-03-18T17:06:19.321203,user,WARN,Data retrieved
2026-03-18T17:06:19.837847,analytics,INFO,Connection established
2026-03-18T17:06:20.342616,payment,WARN,Cache hit
2026-03-18T17:06:20.844806,auth,WARN,Data retrieved
2026-03-18T17:06:21.347690,user,INFO,Transaction completed
2026-03-18T17:06:21.851948,user,INFO,Data retrieved
2026-03-18T17:06:22.356757,orders,ERROR,Failed to process request
2026-03-18T17:06:22.859135,notifications,WARN,Notification delivered
2026-03-18T17:06:23.365507,analytics,INFO,Data retrieved
2026-03-18T17:06:23.870012,payment,INFO,Notification delivered
2026-03-18T17:06:24.374339,shipping,INFO,Email sent
2026-03-18T17:06:24.875733,user,INFO,User logged in
2026-03-18T17:06:25.379955,search,WARN,Cache hit
2026-03-18T17:06:25.884091,shipping,DEBUG,Cache list
2026-03-18T17:06:26.386588,orders,WARN,User logged in
2026-03-18T17:06:26.891602,orders,INFO,User logged in
2026-03-18T17:06:27.393904,analytics,INFO,Request processed successfully
2026-03-18T17:06:27.911456,notifications,DEBUG,Data retrieved
2026-03-18T17:06:28.415853,recommendation,ERROR,Failed to process request
2026-03-18T17:06:28.918879,recommendation,INFO,Data retrieved
2026-03-18T17:06:29.423266,orders,DEBUG,Operation completed
2026-03-18T17:06:29.940662,recommendation,INFO,Data retrieved
2026-03-18T17:06:30.447931,auth,INFO,Data retrieved
2026-03-18T17:06:30.951708,payment,INFO,Connection established
2026-03-18T17:06:31.457981,search,INFO,Email sent
2026-03-18T17:06:31.959369,user,INFO,Notification delivered
2026-03-18T17:06:32.464140,shipping,WARN,Operation completed
2026-03-18T17:06:32.965198,payment,INFO,Cache hit
2026-03-18T17:06:33.469818,payment,INFO,Request processed successfully
2026-03-18T17:06:33.972916,search,WARN,Transaction completed
2026-03-18T17:06:34.475340,search,ERROR,Null pointer exception
2026-03-18T17:06:34.992418,user,INFO,Operation completed
2026-03-18T17:06:35.508750,recommendation,ERROR,Service unavailable
2026-03-18T17:06:36.013310,user,INFO,Connection established
2026-03-18T17:06:36.528835,auth,INFO,Request processed successfully
2026-03-18T17:06:37.032708,shipping,INFO,Notification delivered
